{"C:\\Users\\Locus\\Desktop\\Programacion\\api-gestorarchivos\\src\\models\\User.js": {"path":"C:\\Users\\Locus\\Desktop\\Programacion\\api-gestorarchivos\\src\\models\\User.js","statementMap":{"0":{"start":{"line":1,"column":26},"end":{"line":1,"column":45}},"1":{"start":{"line":3,"column":19},"end":{"line":33,"column":2}},"2":{"start":{"line":10,"column":25},"end":{"line":10,"column":177}},"3":{"start":{"line":11,"column":8},"end":{"line":15,"column":9}},"4":{"start":{"line":12,"column":10},"end":{"line":12,"column":21}},"5":{"start":{"line":14,"column":10},"end":{"line":14,"column":22}},"6":{"start":{"line":25,"column":28},"end":{"line":25,"column":66}},"7":{"start":{"line":26,"column":8},"end":{"line":28,"column":9}},"8":{"start":{"line":27,"column":10},"end":{"line":27,"column":21}},"9":{"start":{"line":35,"column":0},"end":{"line":35,"column":43}}},"fnMap":{"0":{"name":"(anonymous_0)","decl":{"start":{"line":9,"column":17},"end":{"line":9,"column":18}},"loc":{"start":{"line":9,"column":28},"end":{"line":16,"column":7}},"line":9},"1":{"name":"(anonymous_1)","decl":{"start":{"line":24,"column":17},"end":{"line":24,"column":18}},"loc":{"start":{"line":24,"column":31},"end":{"line":29,"column":7}},"line":24}},"branchMap":{"0":{"loc":{"start":{"line":11,"column":8},"end":{"line":15,"column":9}},"type":"if","locations":[{"start":{"line":11,"column":8},"end":{"line":15,"column":9}},{"start":{"line":13,"column":15},"end":{"line":15,"column":9}}],"line":11},"1":{"loc":{"start":{"line":26,"column":8},"end":{"line":28,"column":9}},"type":"if","locations":[{"start":{"line":26,"column":8},"end":{"line":28,"column":9}},{"start":{},"end":{}}],"line":26}},"s":{"0":1,"1":1,"2":2,"3":2,"4":1,"5":1,"6":2,"7":2,"8":0,"9":1},"f":{"0":2,"1":2},"b":{"0":[1,1],"1":[0,2]},"_coverageSchema":"1a1c01bbd47fc00a2c39e90264f33305004495a9","hash":"ec86405fabe25a0b460e544e703328559bf794ac"}
,"C:\\Users\\Locus\\Desktop\\Programacion\\api-gestorarchivos\\test\\db.js": {"path":"C:\\Users\\Locus\\Desktop\\Programacion\\api-gestorarchivos\\test\\db.js","statementMap":{"0":{"start":{"line":2,"column":17},"end":{"line":2,"column":36}},"1":{"start":{"line":3,"column":30},"end":{"line":3,"column":62}},"2":{"start":{"line":6,"column":0},"end":{"line":18,"column":1}},"3":{"start":{"line":7,"column":20},"end":{"line":7,"column":52}},"4":{"start":{"line":9,"column":16},"end":{"line":9,"column":31}},"5":{"start":{"line":11,"column":25},"end":{"line":15,"column":5}},"6":{"start":{"line":17,"column":4},"end":{"line":17,"column":46}},"7":{"start":{"line":21,"column":0},"end":{"line":27,"column":1}},"8":{"start":{"line":22,"column":20},"end":{"line":22,"column":52}},"9":{"start":{"line":24,"column":4},"end":{"line":24,"column":45}},"10":{"start":{"line":25,"column":4},"end":{"line":25,"column":38}},"11":{"start":{"line":26,"column":4},"end":{"line":26,"column":24}},"12":{"start":{"line":30,"column":0},"end":{"line":37,"column":1}},"13":{"start":{"line":31,"column":24},"end":{"line":31,"column":55}},"14":{"start":{"line":33,"column":4},"end":{"line":36,"column":5}},"15":{"start":{"line":34,"column":27},"end":{"line":34,"column":43}},"16":{"start":{"line":35,"column":8},"end":{"line":35,"column":40}}},"fnMap":{"0":{"name":"(anonymous_0)","decl":{"start":{"line":6,"column":25},"end":{"line":6,"column":26}},"loc":{"start":{"line":6,"column":37},"end":{"line":18,"column":1}},"line":6},"1":{"name":"(anonymous_1)","decl":{"start":{"line":21,"column":31},"end":{"line":21,"column":32}},"loc":{"start":{"line":21,"column":43},"end":{"line":27,"column":1}},"line":21},"2":{"name":"(anonymous_2)","decl":{"start":{"line":30,"column":31},"end":{"line":30,"column":32}},"loc":{"start":{"line":30,"column":43},"end":{"line":37,"column":1}},"line":30}},"branchMap":{},"s":{"0":1,"1":1,"2":1,"3":1,"4":1,"5":1,"6":1,"7":1,"8":1,"9":1,"10":1,"11":1,"12":1,"13":2,"14":2,"15":2,"16":2},"f":{"0":1,"1":1,"2":2},"b":{},"_coverageSchema":"1a1c01bbd47fc00a2c39e90264f33305004495a9","hash":"b5da304419c80ed6a5f7ccda081e5ce6acebca3c"}
}
