TN:
SF:src\models\User.js
FN:9,(anonymous_0)
FN:24,(anonymous_1)
FNF:2
FNH:2
FNDA:2,(anonymous_0)
FNDA:2,(anonymous_1)
DA:1,1
DA:3,1
DA:10,2
DA:11,2
DA:12,1
DA:14,1
DA:25,2
DA:26,2
DA:27,0
DA:35,1
LF:10
LH:9
BRDA:11,0,0,1
BRDA:11,0,1,1
BRDA:26,1,0,0
BRDA:26,1,1,2
BRF:4
BRH:3
end_of_record
TN:
SF:test\db.js
FN:6,(anonymous_0)
FN:21,(anonymous_1)
FN:30,(anonymous_2)
FNF:3
FNH:3
FNDA:1,(anonymous_0)
FNDA:1,(anonymous_1)
FNDA:2,(anonymous_2)
DA:2,1
DA:3,1
DA:6,1
DA:7,1
DA:9,1
DA:11,1
DA:17,1
DA:21,1
DA:22,1
DA:24,1
DA:25,1
DA:26,1
DA:30,1
DA:31,2
DA:33,2
DA:34,2
DA:35,2
LF:17
LH:17
BRF:0
BRH:0
end_of_record
